<?xml version="1.0" encoding="UTF-8"?>
<!-- Generated by org.testng.reporters.JUnitReportReporter -->
<testsuite hostname="MTNB972" failures="0" tests="4" name="SampleCheck.SeleniumTestng" time="67.543" errors="0" timestamp="2022-07-20T14:59:15 WIB" skipped="0">
  <testcase classname="SampleCheck.SeleniumTestng" name="TestScroll" time="27.857"/>
  <system-out/>
  <testcase classname="SampleCheck.SeleniumTestng" name="TestLogin" time="15.422"/>
  <system-out/>
  <testcase classname="SampleCheck.SeleniumTestng" name="Test" time="5.095"/>
  <system-out/>
  <testcase classname="SampleCheck.SeleniumTestng" name="TestAlertOK" time="19.169"/>
  <system-out/>
</testsuite> <!-- SampleCheck.SeleniumTestng -->
