<?xml version="1.0" encoding="UTF-8"?>
<!-- Generated by org.testng.reporters.JUnitReportReporter -->
<testsuite hostname="MTNB972" failures="0" tests="2" name="SampleCheck.SeleniumTestng" time="36.566" errors="0" timestamp="2022-07-19T14:54:03 WIB" skipped="0">
  <testcase classname="SampleCheck.SeleniumTestng" name="TestScroll" time="20.992"/>
  <system-out/>
  <testcase classname="SampleCheck.SeleniumTestng" name="TestLogin" time="15.574"/>
  <system-out/>
</testsuite> <!-- SampleCheck.SeleniumTestng -->
